<?xml version="1.0" encoding="UTF-8"?>
<testng-results ignored="0" total="1" passed="1" failed="0" skipped="0">
  <reporter-output>
  </reporter-output>
  <suite started-at="2024-05-14T09:09:08 IST" name="Suite" finished-at="2024-05-14T09:10:23 IST" duration-ms="74962">
    <groups>
      <group name="master">
        <method signature="TC_006_EndToEndTest.endToendTest()[pri:0, instance:testCases.TC_006_EndToEndTest@737a135b]" name="endToendTest" class="testCases.TC_006_EndToEndTest"/>
      </group> <!-- master -->
    </groups>
    <test started-at="2024-05-14T09:09:08 IST" name="Test" finished-at="2024-05-14T09:10:23 IST" duration-ms="74962">
      <class name="testCases.TC_006_EndToEndTest">
        <test-method is-config="true" signature="openBrowser(java.lang.String,java.lang.String)[pri:0, instance:testCases.TC_006_EndToEndTest@737a135b]" started-at="2024-05-14T09:09:08 IST" name="openBrowser" finished-at="2024-05-14T09:09:15 IST" duration-ms="6287" status="PASS">
          <params>
            <param index="0">
              <value>
                <![CDATA[chrome]]>
              </value>
            </param>
            <param index="1">
              <value>
                <![CDATA[windows]]>
              </value>
            </param>
          </params>
          <reporter-output>
          </reporter-output>
        </test-method> <!-- openBrowser -->
        <test-method signature="endToendTest()[pri:0, instance:testCases.TC_006_EndToEndTest@737a135b]" started-at="2024-05-14T09:09:15 IST" name="endToendTest" finished-at="2024-05-14T09:10:23 IST" duration-ms="68172" status="PASS">
          <reporter-output>
          </reporter-output>
        </test-method> <!-- endToendTest -->
        <test-method is-config="true" signature="closeBrowser()[pri:0, instance:testCases.TC_006_EndToEndTest@737a135b]" started-at="2024-05-14T09:10:23 IST" name="closeBrowser" finished-at="2024-05-14T09:10:23 IST" duration-ms="415" status="PASS">
          <reporter-output>
          </reporter-output>
        </test-method> <!-- closeBrowser -->
      </class> <!-- testCases.TC_006_EndToEndTest -->
    </test> <!-- Test -->
  </suite> <!-- Suite -->
</testng-results>
