<?xml version="1.0" encoding="UTF-8"?>
<testng-results ignored="0" total="1" passed="1" failed="0" skipped="0">
  <reporter-output>
  </reporter-output>
  <suite started-at="2024-05-14T09:01:34 IST" name="Suite" finished-at="2024-05-14T09:02:46 IST" duration-ms="72101">
    <groups>
      <group name="master">
        <method signature="TC_006_EndToEndTest.endToendTest()[pri:0, instance:testCases.TC_006_EndToEndTest@3a393455]" name="endToendTest" class="testCases.TC_006_EndToEndTest"/>
      </group> <!-- master -->
    </groups>
    <test started-at="2024-05-14T09:01:34 IST" name="Test" finished-at="2024-05-14T09:02:46 IST" duration-ms="72101">
      <class name="testCases.TC_006_EndToEndTest">
        <test-method is-config="true" signature="openBrowser(java.lang.String,java.lang.String)[pri:0, instance:testCases.TC_006_EndToEndTest@3a393455]" started-at="2024-05-14T09:01:34 IST" name="openBrowser" finished-at="2024-05-14T09:01:39 IST" duration-ms="5342" status="PASS">
          <params>
            <param index="0">
              <value>
                <![CDATA[chrome]]>
              </value>
            </param>
            <param index="1">
              <value>
                <![CDATA[windows]]>
              </value>
            </param>
          </params>
          <reporter-output>
          </reporter-output>
        </test-method> <!-- openBrowser -->
        <test-method signature="endToendTest()[pri:0, instance:testCases.TC_006_EndToEndTest@3a393455]" started-at="2024-05-14T09:01:39 IST" name="endToendTest" finished-at="2024-05-14T09:02:46 IST" duration-ms="66685" status="PASS">
          <reporter-output>
          </reporter-output>
        </test-method> <!-- endToendTest -->
        <test-method is-config="true" signature="randomString()[pri:0, instance:testCases.TC_006_EndToEndTest@3a393455]" started-at="2024-05-14T09:02:46 IST" name="randomString" finished-at="2024-05-14T09:02:46 IST" duration-ms="0" status="PASS">
          <reporter-output>
          </reporter-output>
        </test-method> <!-- randomString -->
      </class> <!-- testCases.TC_006_EndToEndTest -->
    </test> <!-- Test -->
  </suite> <!-- Suite -->
</testng-results>
